INFO  2022-12-14 08:13:35,770 [AppLog] 获取设备信息成功返回{
  "code": 1,
  "msg": "获取成功！",
  "data": {
    "id": 1,
    "device_name": "蔡明明办公电脑",
    "location": "6号楼2F信息科",
    "group": 3,
    "UUID": "F09E-F98A-B926-8CAA-3DE4-FEFE-24D2-5CFE",
    "ip": "192.168.17.233",
    "mac": "2A-02-4C-41-31-12|2A-02-4C-41-31-11|9E-15-48-E5-26-6D",
    "ips": "192.168.242.1|192.168.163.1|192.168.119.1|192.168.88.99|192.168.17.233|192.168.77.137",
    "os_version": "发发发",
    "status": 1,
    "online": 0,
    "create_time": "2022-11-24 12:52:23",
    "update_time": "2022-11-24 12:52:23",
    "delete_time": null,
    "computer_name": "DESKTOP-SU3E9TT",
    "mark": "测试",
    "sort": 10
  },
  "url": "",
  "wait": 3
}
INFO  2022-12-14 08:14:05,922 [AppLog] 验证ip返回!{
  "code": 0,
  "msg": "不存在有效的ip地址！",
  "data": [],
  "url": "",
  "wait": 3
}
ERROR 2022-12-14 08:14:05,924 [AppLog] 验证ip失败:不存在有效的ip地址！
INFO  2022-12-14 08:14:05,974 [AppLog] 验证ip返回!{
  "code": 1,
  "msg": "设置成功！",
  "data": [],
  "url": "",
  "wait": 3
}
INFO  2022-12-14 08:14:05,976 [AppLog] 发送成功！:F09E-F98A-B926-8CAA-3DE4-FEFE-24D2-5CFE
INFO  2022-12-14 08:14:06,045 [AppLog] 请求返回信息为:{"code":1,"msg":"设置成功！","data":{"UUID":"F09E-F98A-B926-8CAA-3DE4-FEFE-24D2-5CFE","device_name":"蔡明明办公电脑","location":"6号楼2F信息科","ip":"192.168.17.233","ips":"192.168.242.1|192.168.163.1|192.168.119.1|192.168.88.99|192.168.17.233|192.168.77.137","mac":"2A-02-4C-41-31-12|2A-02-4C-41-31-11|9E-15-48-E5-26-6D","computer_name":"DESKTOP-SU3E9TT","group":"3","os_version":"发发发"},"url":"","wait":3}
INFO  2022-12-14 08:14:06,047 [AppLog] 请求设备信息返回！{
  "code": 1,
  "msg": "设置成功！",
  "data": {
    "UUID": "F09E-F98A-B926-8CAA-3DE4-FEFE-24D2-5CFE",
    "device_name": "蔡明明办公电脑",
    "location": "6号楼2F信息科",
    "ip": "192.168.17.233",
    "ips": "192.168.242.1|192.168.163.1|192.168.119.1|192.168.88.99|192.168.17.233|192.168.77.137",
    "mac": "2A-02-4C-41-31-12|2A-02-4C-41-31-11|9E-15-48-E5-26-6D",
    "computer_name": "DESKTOP-SU3E9TT",
    "group": "3",
    "os_version": "发发发"
  },
  "url": "",
  "wait": 3
}
INFO  2022-12-14 08:14:06,048 [AppLog] 设备信息保存成功！
INFO  2022-12-14 08:14:06,099 [AppLog] 获取全局禁止进程数据为：{
  "code": 1,
  "msg": "获取成功！",
  "data": [
    {
      "key": "qq",
      "name": "QQ"
    },
    {
      "key": "wechat",
      "name": "微信"
    }
  ],
  "url": "",
  "wait": 3
}
INFO  2022-12-14 08:15:06,106 [AppLog] 定时任务开始时间:2022-12-14 08:15:06
INFO  2022-12-14 08:15:06,320 [AppLog] 验证ip返回!{
  "code": 1,
  "msg": "设置成功！",
  "data": [],
  "url": "",
  "wait": 3
}
INFO  2022-12-14 08:15:06,322 [AppLog] 发送成功！:F09E-F98A-B926-8CAA-3DE4-FEFE-24D2-5CFE
INFO  2022-12-14 08:15:06,581 [AppLog] 获取设备信息成功返回{
  "code": 0,
  "msg": "不存在有效任务",
  "data": [],
  "url": "",
  "wait": 3
}
ERROR 2022-12-14 08:15:06,583 [AppLog] 【主窗体】获取任务数据为空！:不存在有效任务
INFO  2022-12-14 08:15:06,585 [AppLog] 定时任务结束时间:2022-12-14 08:15:06
INFO  2022-12-14 08:15:13,749 [AppLog] 服务端get请求地址为request: /ExecCmd?key=calc
INFO  2022-12-14 08:16:06,112 [AppLog] 定时任务开始时间:2022-12-14 08:16:06
INFO  2022-12-14 08:16:06,170 [AppLog] 验证ip返回!{
  "code": 1,
  "msg": "设置成功！",
  "data": [],
  "url": "",
  "wait": 3
}
INFO  2022-12-14 08:16:06,171 [AppLog] 发送成功！:F09E-F98A-B926-8CAA-3DE4-FEFE-24D2-5CFE
INFO  2022-12-14 08:16:06,422 [AppLog] 获取设备信息成功返回{
  "code": 0,
  "msg": "不存在有效任务",
  "data": [],
  "url": "",
  "wait": 3
}
ERROR 2022-12-14 08:16:06,424 [AppLog] 【主窗体】获取任务数据为空！:不存在有效任务
INFO  2022-12-14 08:16:06,426 [AppLog] 定时任务结束时间:2022-12-14 08:16:06
INFO  2022-12-14 08:17:06,110 [AppLog] 定时任务开始时间:2022-12-14 08:17:06
INFO  2022-12-14 08:17:06,166 [AppLog] 验证ip返回!{
  "code": 1,
  "msg": "设置成功！",
  "data": [],
  "url": "",
  "wait": 3
}
INFO  2022-12-14 08:17:06,168 [AppLog] 发送成功！:F09E-F98A-B926-8CAA-3DE4-FEFE-24D2-5CFE
INFO  2022-12-14 08:17:06,427 [AppLog] 获取设备信息成功返回{
  "code": 0,
  "msg": "不存在有效任务",
  "data": [],
  "url": "",
  "wait": 3
}
ERROR 2022-12-14 08:17:06,430 [AppLog] 【主窗体】获取任务数据为空！:不存在有效任务
INFO  2022-12-14 08:17:06,432 [AppLog] 定时任务结束时间:2022-12-14 08:17:06
INFO  2022-12-14 08:18:02,216 [AppLog] 请求数据为:{"keywords":"","id":"1"}
INFO  2022-12-14 08:18:02,268 [AppLog] http://10.87.230.199:9999/admin/test/getDeviceInfos请求返回信息为:{"code":1,"msg":"获取设备信息成功！","data":[{"id":1,"device_name":"蔡明明办公电脑","location":"6号楼2F信息科","group":3,"UUID":"F09E-F98A-B926-8CAA-3DE4-FEFE-24D2-5CFE","ip":"192.168.17.233","mac":"2A-02-4C-41-31-12|2A-02-4C-41-31-11|9E-15-48-E5-26-6D","ips":"192.168.242.1|192.168.163.1|192.168.119.1|192.168.88.99|192.168.17.233|192.168.77.137","os_version":"发发发","status":1,"online":0,"create_time":"2022-11-24 12:52:23","update_time":"2022-11-24 12:52:23","delete_time":null,"computer_name":"DESKTOP-SU3E9TT","mark":"测试","sort":10}],"url":"","wait":3}
INFO  2022-12-14 08:18:02,270 [AppLog] 请求设备信息返回！{
  "code": 1,
  "msg": "获取设备信息成功！",
  "data": [
    {
      "id": 1,
      "device_name": "蔡明明办公电脑",
      "location": "6号楼2F信息科",
      "group": 3,
      "UUID": "F09E-F98A-B926-8CAA-3DE4-FEFE-24D2-5CFE",
      "ip": "192.168.17.233",
      "mac": "2A-02-4C-41-31-12|2A-02-4C-41-31-11|9E-15-48-E5-26-6D",
      "ips": "192.168.242.1|192.168.163.1|192.168.119.1|192.168.88.99|192.168.17.233|192.168.77.137",
      "os_version": "发发发",
      "status": 1,
      "online": 0,
      "create_time": "2022-11-24 12:52:23",
      "update_time": "2022-11-24 12:52:23",
      "delete_time": null,
      "computer_name": "DESKTOP-SU3E9TT",
      "mark": "测试",
      "sort": 10
    }
  ],
  "url": "",
  "wait": 3
}
INFO  2022-12-14 08:18:06,111 [AppLog] 定时任务开始时间:2022-12-14 08:18:06
INFO  2022-12-14 08:18:06,166 [AppLog] 验证ip返回!{
  "code": 1,
  "msg": "设置成功！",
  "data": [],
  "url": "",
  "wait": 3
}
INFO  2022-12-14 08:18:06,168 [AppLog] 发送成功！:F09E-F98A-B926-8CAA-3DE4-FEFE-24D2-5CFE
INFO  2022-12-14 08:18:06,415 [AppLog] 获取设备信息成功返回{
  "code": 0,
  "msg": "不存在有效任务",
  "data": [],
  "url": "",
  "wait": 3
}
ERROR 2022-12-14 08:18:06,417 [AppLog] 【主窗体】获取任务数据为空！:不存在有效任务
INFO  2022-12-14 08:18:06,418 [AppLog] 定时任务结束时间:2022-12-14 08:18:06
INFO  2022-12-14 08:19:06,111 [AppLog] 定时任务开始时间:2022-12-14 08:19:06
INFO  2022-12-14 08:19:06,170 [AppLog] 验证ip返回!{
  "code": 1,
  "msg": "设置成功！",
  "data": [],
  "url": "",
  "wait": 3
}
INFO  2022-12-14 08:19:06,172 [AppLog] 发送成功！:F09E-F98A-B926-8CAA-3DE4-FEFE-24D2-5CFE
INFO  2022-12-14 08:19:06,439 [AppLog] 获取设备信息成功返回{
  "code": 0,
  "msg": "不存在有效任务",
  "data": [],
  "url": "",
  "wait": 3
}
ERROR 2022-12-14 08:19:06,440 [AppLog] 【主窗体】获取任务数据为空！:不存在有效任务
INFO  2022-12-14 08:19:06,442 [AppLog] 定时任务结束时间:2022-12-14 08:19:06
INFO  2022-12-14 08:20:06,110 [AppLog] 定时任务开始时间:2022-12-14 08:20:06
INFO  2022-12-14 08:20:06,168 [AppLog] 验证ip返回!{
  "code": 1,
  "msg": "设置成功！",
  "data": [],
  "url": "",
  "wait": 3
}
INFO  2022-12-14 08:20:06,170 [AppLog] 发送成功！:F09E-F98A-B926-8CAA-3DE4-FEFE-24D2-5CFE
INFO  2022-12-14 08:20:06,433 [AppLog] 获取设备信息成功返回{
  "code": 0,
  "msg": "不存在有效任务",
  "data": [],
  "url": "",
  "wait": 3
}
ERROR 2022-12-14 08:20:06,434 [AppLog] 【主窗体】获取任务数据为空！:不存在有效任务
INFO  2022-12-14 08:20:06,435 [AppLog] 定时任务结束时间:2022-12-14 08:20:06
INFO  2022-12-14 08:21:06,107 [AppLog] 定时任务开始时间:2022-12-14 08:21:06
INFO  2022-12-14 08:21:06,175 [AppLog] 验证ip返回!{
  "code": 1,
  "msg": "设置成功！",
  "data": [],
  "url": "",
  "wait": 3
}
INFO  2022-12-14 08:21:06,177 [AppLog] 发送成功！:F09E-F98A-B926-8CAA-3DE4-FEFE-24D2-5CFE
INFO  2022-12-14 08:21:06,441 [AppLog] 获取设备信息成功返回{
  "code": 0,
  "msg": "不存在有效任务",
  "data": [],
  "url": "",
  "wait": 3
}
ERROR 2022-12-14 08:21:06,443 [AppLog] 【主窗体】获取任务数据为空！:不存在有效任务
INFO  2022-12-14 08:21:06,445 [AppLog] 定时任务结束时间:2022-12-14 08:21:06
INFO  2022-12-14 08:22:06,106 [AppLog] 定时任务开始时间:2022-12-14 08:22:06
INFO  2022-12-14 08:22:06,163 [AppLog] 验证ip返回!{
  "code": 1,
  "msg": "设置成功！",
  "data": [],
  "url": "",
  "wait": 3
}
INFO  2022-12-14 08:22:06,165 [AppLog] 发送成功！:F09E-F98A-B926-8CAA-3DE4-FEFE-24D2-5CFE
INFO  2022-12-14 08:22:06,435 [AppLog] 获取设备信息成功返回{
  "code": 0,
  "msg": "不存在有效任务",
  "data": [],
  "url": "",
  "wait": 3
}
ERROR 2022-12-14 08:22:06,437 [AppLog] 【主窗体】获取任务数据为空！:不存在有效任务
INFO  2022-12-14 08:22:06,439 [AppLog] 定时任务结束时间:2022-12-14 08:22:06
INFO  2022-12-14 08:23:06,110 [AppLog] 定时任务开始时间:2022-12-14 08:23:06
INFO  2022-12-14 08:23:06,183 [AppLog] 验证ip返回!{
  "code": 1,
  "msg": "设置成功！",
  "data": [],
  "url": "",
  "wait": 3
}
INFO  2022-12-14 08:23:06,185 [AppLog] 发送成功！:F09E-F98A-B926-8CAA-3DE4-FEFE-24D2-5CFE
INFO  2022-12-14 08:23:06,440 [AppLog] 获取设备信息成功返回{
  "code": 0,
  "msg": "不存在有效任务",
  "data": [],
  "url": "",
  "wait": 3
}
ERROR 2022-12-14 08:23:06,442 [AppLog] 【主窗体】获取任务数据为空！:不存在有效任务
INFO  2022-12-14 08:23:06,443 [AppLog] 定时任务结束时间:2022-12-14 08:23:06
INFO  2022-12-14 08:24:06,106 [AppLog] 定时任务开始时间:2022-12-14 08:24:06
INFO  2022-12-14 08:24:06,188 [AppLog] 验证ip返回!{
  "code": 1,
  "msg": "设置成功！",
  "data": [],
  "url": "",
  "wait": 3
}
INFO  2022-12-14 08:24:06,190 [AppLog] 发送成功！:F09E-F98A-B926-8CAA-3DE4-FEFE-24D2-5CFE
INFO  2022-12-14 08:24:06,450 [AppLog] 获取设备信息成功返回{
  "code": 0,
  "msg": "不存在有效任务",
  "data": [],
  "url": "",
  "wait": 3
}
ERROR 2022-12-14 08:24:06,452 [AppLog] 【主窗体】获取任务数据为空！:不存在有效任务
INFO  2022-12-14 08:24:06,453 [AppLog] 定时任务结束时间:2022-12-14 08:24:06
INFO  2022-12-14 12:11:33,643 [AppLog] 获取设备信息成功返回{
  "code": 1,
  "msg": "获取成功！",
  "data": {
    "id": 1,
    "device_name": "蔡明明办公电脑",
    "location": "6号楼2F信息科",
    "group": 3,
    "UUID": "F09E-F98A-B926-8CAA-3DE4-FEFE-24D2-5CFE",
    "ip": "",
    "mac": "2A-02-4C-41-31-12|2A-02-4C-41-31-11|9E-15-48-E5-26-6D",
    "ips": "192.168.242.1|192.168.163.1|192.168.119.1|192.168.88.99|192.168.17.233|192.168.77.137",
    "os_version": "发发发",
    "status": 1,
    "online": 0,
    "create_time": "2022-11-24 12:52:23",
    "update_time": "2022-11-24 12:52:23",
    "delete_time": null,
    "computer_name": "DESKTOP-SU3E9TT",
    "mark": "测试",
    "sort": 10
  },
  "url": "",
  "wait": 3
}
INFO  2022-12-14 12:12:03,770 [AppLog] 验证ip返回!{
  "code": 0,
  "msg": "不存在有效的ip地址！",
  "data": [],
  "url": "",
  "wait": 3
}
ERROR 2022-12-14 12:12:03,772 [AppLog] 验证ip失败:不存在有效的ip地址！
INFO  2022-12-14 12:12:04,148 [AppLog] 验证ip返回!{
  "code": 1,
  "msg": "设置成功！",
  "data": [],
  "url": "",
  "wait": 3
}
INFO  2022-12-14 12:12:04,150 [AppLog] 发送成功！:F09E-F98A-B926-8CAA-3DE4-FEFE-24D2-5CFE
INFO  2022-12-14 12:12:04,205 [AppLog] 请求返回信息为:{"code":1,"msg":"设置成功！","data":{"UUID":"F09E-F98A-B926-8CAA-3DE4-FEFE-24D2-5CFE","device_name":"蔡明明办公电脑","location":"6号楼2F信息科","ip":"","ips":"192.168.242.1|192.168.163.1|192.168.119.1|192.168.88.99|192.168.17.233|192.168.77.137","mac":"2A-02-4C-41-31-12|2A-02-4C-41-31-11|9E-15-48-E5-26-6D","computer_name":"DESKTOP-SU3E9TT","group":"3","os_version":"发发发"},"url":"","wait":3}
INFO  2022-12-14 12:12:04,207 [AppLog] 请求设备信息返回！{
  "code": 1,
  "msg": "设置成功！",
  "data": {
    "UUID": "F09E-F98A-B926-8CAA-3DE4-FEFE-24D2-5CFE",
    "device_name": "蔡明明办公电脑",
    "location": "6号楼2F信息科",
    "ip": "",
    "ips": "192.168.242.1|192.168.163.1|192.168.119.1|192.168.88.99|192.168.17.233|192.168.77.137",
    "mac": "2A-02-4C-41-31-12|2A-02-4C-41-31-11|9E-15-48-E5-26-6D",
    "computer_name": "DESKTOP-SU3E9TT",
    "group": "3",
    "os_version": "发发发"
  },
  "url": "",
  "wait": 3
}
INFO  2022-12-14 12:12:04,209 [AppLog] 设备信息保存成功！
INFO  2022-12-14 12:12:04,251 [AppLog] 获取全局禁止进程数据为：{
  "code": 1,
  "msg": "获取成功！",
  "data": [
    {
      "key": "qq",
      "name": "QQ"
    },
    {
      "key": "wechat",
      "name": "微信"
    }
  ],
  "url": "",
  "wait": 3
}
INFO  2022-12-14 12:12:41,452 [AppLog] 获取设备信息成功返回{
  "code": 1,
  "msg": "获取成功！",
  "data": {
    "id": 1,
    "device_name": "蔡明明办公电脑",
    "location": "6号楼2F信息科",
    "group": 3,
    "UUID": "F09E-F98A-B926-8CAA-3DE4-FEFE-24D2-5CFE",
    "ip": "",
    "mac": "2A-02-4C-41-31-12|2A-02-4C-41-31-11|9E-15-48-E5-26-6D",
    "ips": "192.168.242.1|192.168.163.1|192.168.119.1|192.168.88.99|192.168.17.233|192.168.77.137",
    "os_version": "发发发",
    "status": 1,
    "online": 0,
    "create_time": "2022-11-24 12:52:23",
    "update_time": "2022-11-24 12:52:23",
    "delete_time": null,
    "computer_name": "DESKTOP-SU3E9TT",
    "mark": "测试",
    "sort": 10
  },
  "url": "",
  "wait": 3
}
INFO  2022-12-14 12:13:11,567 [AppLog] 验证ip返回!{
  "code": 0,
  "msg": "不存在有效的ip地址！",
  "data": [],
  "url": "",
  "wait": 3
}
ERROR 2022-12-14 12:13:11,569 [AppLog] 验证ip失败:不存在有效的ip地址！
INFO  2022-12-14 12:13:11,861 [AppLog] 验证ip返回!{
  "code": 1,
  "msg": "设置成功！",
  "data": [],
  "url": "",
  "wait": 3
}
INFO  2022-12-14 12:13:11,863 [AppLog] 发送成功！:F09E-F98A-B926-8CAA-3DE4-FEFE-24D2-5CFE
INFO  2022-12-14 12:13:11,928 [AppLog] 请求返回信息为:{"code":1,"msg":"设置成功！","data":{"UUID":"F09E-F98A-B926-8CAA-3DE4-FEFE-24D2-5CFE","device_name":"蔡明明办公电脑","location":"6号楼2F信息科","ip":"","ips":"192.168.242.1|192.168.163.1|192.168.119.1|192.168.88.99|192.168.17.233|192.168.77.137","mac":"2A-02-4C-41-31-12|2A-02-4C-41-31-11|9E-15-48-E5-26-6D","computer_name":"DESKTOP-SU3E9TT","group":"3","os_version":"发发发"},"url":"","wait":3}
INFO  2022-12-14 12:13:11,930 [AppLog] 请求设备信息返回！{
  "code": 1,
  "msg": "设置成功！",
  "data": {
    "UUID": "F09E-F98A-B926-8CAA-3DE4-FEFE-24D2-5CFE",
    "device_name": "蔡明明办公电脑",
    "location": "6号楼2F信息科",
    "ip": "",
    "ips": "192.168.242.1|192.168.163.1|192.168.119.1|192.168.88.99|192.168.17.233|192.168.77.137",
    "mac": "2A-02-4C-41-31-12|2A-02-4C-41-31-11|9E-15-48-E5-26-6D",
    "computer_name": "DESKTOP-SU3E9TT",
    "group": "3",
    "os_version": "发发发"
  },
  "url": "",
  "wait": 3
}
INFO  2022-12-14 12:13:11,932 [AppLog] 设备信息保存成功！
INFO  2022-12-14 12:13:11,980 [AppLog] 获取全局禁止进程数据为：{
  "code": 1,
  "msg": "获取成功！",
  "data": [
    {
      "key": "qq",
      "name": "QQ"
    },
    {
      "key": "wechat",
      "name": "微信"
    }
  ],
  "url": "",
  "wait": 3
}
INFO  2022-12-14 12:14:11,983 [AppLog] 定时任务开始时间:2022-12-14 12:14:11
INFO  2022-12-14 12:14:12,176 [AppLog] 验证ip返回!{
  "code": 1,
  "msg": "设置成功！",
  "data": [],
  "url": "",
  "wait": 3
}
INFO  2022-12-14 12:14:12,178 [AppLog] 发送成功！:F09E-F98A-B926-8CAA-3DE4-FEFE-24D2-5CFE
INFO  2022-12-14 12:14:12,460 [AppLog] 获取设备信息成功返回{
  "code": 0,
  "msg": "不存在有效任务",
  "data": [],
  "url": "",
  "wait": 3
}
ERROR 2022-12-14 12:14:12,462 [AppLog] 【主窗体】获取任务数据为空！:不存在有效任务
INFO  2022-12-14 12:14:12,463 [AppLog] 定时任务结束时间:2022-12-14 12:14:12
INFO  2022-12-14 12:14:30,646 [AppLog] 获取设备信息成功返回{
  "code": 1,
  "msg": "获取成功！",
  "data": {
    "id": 1,
    "device_name": "蔡明明办公电脑",
    "location": "6号楼2F信息科",
    "group": 3,
    "UUID": "F09E-F98A-B926-8CAA-3DE4-FEFE-24D2-5CFE",
    "ip": "",
    "mac": "2A-02-4C-41-31-12|2A-02-4C-41-31-11|9E-15-48-E5-26-6D",
    "ips": "192.168.242.1|192.168.163.1|192.168.119.1|192.168.88.99|192.168.17.233|192.168.77.137",
    "os_version": "发发发",
    "status": 1,
    "online": 0,
    "create_time": "2022-11-24 12:52:23",
    "update_time": "2022-11-24 12:52:23",
    "delete_time": null,
    "computer_name": "DESKTOP-SU3E9TT",
    "mark": "测试",
    "sort": 10
  },
  "url": "",
  "wait": 3
}
INFO  2022-12-14 12:15:00,768 [AppLog] 验证ip返回!{
  "code": 0,
  "msg": "不存在有效的ip地址！",
  "data": [],
  "url": "",
  "wait": 3
}
ERROR 2022-12-14 12:15:00,771 [AppLog] 验证ip失败:不存在有效的ip地址！
INFO  2022-12-14 12:15:00,830 [AppLog] 验证ip返回!{
  "code": 1,
  "msg": "设置成功！",
  "data": [],
  "url": "",
  "wait": 3
}
INFO  2022-12-14 12:15:00,831 [AppLog] 发送成功！:F09E-F98A-B926-8CAA-3DE4-FEFE-24D2-5CFE
INFO  2022-12-14 12:15:00,898 [AppLog] 请求返回信息为:{"code":1,"msg":"设置成功！","data":{"UUID":"F09E-F98A-B926-8CAA-3DE4-FEFE-24D2-5CFE","device_name":"蔡明明办公电脑","location":"6号楼2F信息科","ip":"","ips":"192.168.242.1|192.168.163.1|192.168.119.1|192.168.88.99|192.168.17.233|192.168.77.137","mac":"2A-02-4C-41-31-12|2A-02-4C-41-31-11|9E-15-48-E5-26-6D","computer_name":"DESKTOP-SU3E9TT","group":"3","os_version":"发发发"},"url":"","wait":3}
INFO  2022-12-14 12:15:00,900 [AppLog] 请求设备信息返回！{
  "code": 1,
  "msg": "设置成功！",
  "data": {
    "UUID": "F09E-F98A-B926-8CAA-3DE4-FEFE-24D2-5CFE",
    "device_name": "蔡明明办公电脑",
    "location": "6号楼2F信息科",
    "ip": "",
    "ips": "192.168.242.1|192.168.163.1|192.168.119.1|192.168.88.99|192.168.17.233|192.168.77.137",
    "mac": "2A-02-4C-41-31-12|2A-02-4C-41-31-11|9E-15-48-E5-26-6D",
    "computer_name": "DESKTOP-SU3E9TT",
    "group": "3",
    "os_version": "发发发"
  },
  "url": "",
  "wait": 3
}
INFO  2022-12-14 12:15:00,902 [AppLog] 设备信息保存成功！
INFO  2022-12-14 12:15:00,948 [AppLog] 获取全局禁止进程数据为：{
  "code": 1,
  "msg": "获取成功！",
  "data": [
    {
      "key": "qq",
      "name": "QQ"
    },
    {
      "key": "wechat",
      "name": "微信"
    }
  ],
  "url": "",
  "wait": 3
}
INFO  2022-12-14 12:15:46,198 [AppLog] 获取设备信息成功返回{
  "code": 1,
  "msg": "获取成功！",
  "data": {
    "id": 1,
    "device_name": "蔡明明办公电脑",
    "location": "6号楼2F信息科",
    "group": 3,
    "UUID": "F09E-F98A-B926-8CAA-3DE4-FEFE-24D2-5CFE",
    "ip": "",
    "mac": "2A-02-4C-41-31-12|2A-02-4C-41-31-11|9E-15-48-E5-26-6D",
    "ips": "192.168.242.1|192.168.163.1|192.168.119.1|192.168.88.99|192.168.17.233|192.168.77.137",
    "os_version": "发发发",
    "status": 1,
    "online": 0,
    "create_time": "2022-11-24 12:52:23",
    "update_time": "2022-11-24 12:52:23",
    "delete_time": null,
    "computer_name": "DESKTOP-SU3E9TT",
    "mark": "测试",
    "sort": 10
  },
  "url": "",
  "wait": 3
}
INFO  2022-12-14 12:16:16,324 [AppLog] 验证ip返回!{
  "code": 0,
  "msg": "不存在有效的ip地址！",
  "data": [],
  "url": "",
  "wait": 3
}
ERROR 2022-12-14 12:16:16,326 [AppLog] 验证ip失败:不存在有效的ip地址！
INFO  2022-12-14 12:16:16,491 [AppLog] 验证ip返回!{
  "code": 1,
  "msg": "设置成功！",
  "data": [],
  "url": "",
  "wait": 3
}
INFO  2022-12-14 12:16:16,493 [AppLog] 发送成功！:F09E-F98A-B926-8CAA-3DE4-FEFE-24D2-5CFE
INFO  2022-12-14 12:16:16,551 [AppLog] 请求返回信息为:{"code":1,"msg":"设置成功！","data":{"UUID":"F09E-F98A-B926-8CAA-3DE4-FEFE-24D2-5CFE","device_name":"蔡明明办公电脑","location":"6号楼2F信息科","ip":"","ips":"192.168.242.1|192.168.163.1|192.168.119.1|192.168.88.99|192.168.17.233|192.168.77.137","mac":"2A-02-4C-41-31-12|2A-02-4C-41-31-11|9E-15-48-E5-26-6D","computer_name":"DESKTOP-SU3E9TT","group":"3","os_version":"发发发"},"url":"","wait":3}
INFO  2022-12-14 12:16:16,552 [AppLog] 请求设备信息返回！{
  "code": 1,
  "msg": "设置成功！",
  "data": {
    "UUID": "F09E-F98A-B926-8CAA-3DE4-FEFE-24D2-5CFE",
    "device_name": "蔡明明办公电脑",
    "location": "6号楼2F信息科",
    "ip": "",
    "ips": "192.168.242.1|192.168.163.1|192.168.119.1|192.168.88.99|192.168.17.233|192.168.77.137",
    "mac": "2A-02-4C-41-31-12|2A-02-4C-41-31-11|9E-15-48-E5-26-6D",
    "computer_name": "DESKTOP-SU3E9TT",
    "group": "3",
    "os_version": "发发发"
  },
  "url": "",
  "wait": 3
}
INFO  2022-12-14 12:16:16,553 [AppLog] 设备信息保存成功！
INFO  2022-12-14 12:16:16,593 [AppLog] 获取全局禁止进程数据为：{
  "code": 1,
  "msg": "获取成功！",
  "data": [
    {
      "key": "qq",
      "name": "QQ"
    },
    {
      "key": "wechat",
      "name": "微信"
    }
  ],
  "url": "",
  "wait": 3
}
INFO  2022-12-14 12:19:36,486 [AppLog] 获取设备信息成功返回{
  "code": 1,
  "msg": "获取成功！",
  "data": {
    "id": 1,
    "device_name": "蔡明明办公电脑",
    "location": "6号楼2F信息科",
    "group": 3,
    "UUID": "F09E-F98A-B926-8CAA-3DE4-FEFE-24D2-5CFE",
    "ip": "",
    "mac": "2A-02-4C-41-31-12|2A-02-4C-41-31-11|9E-15-48-E5-26-6D",
    "ips": "192.168.242.1|192.168.163.1|192.168.119.1|192.168.88.99|192.168.17.233|192.168.77.137",
    "os_version": "发发发",
    "status": 1,
    "online": 0,
    "create_time": "2022-11-24 12:52:23",
    "update_time": "2022-11-24 12:52:23",
    "delete_time": null,
    "computer_name": "DESKTOP-SU3E9TT",
    "mark": "测试",
    "sort": 10
  },
  "url": "",
  "wait": 3
}
INFO  2022-12-14 12:20:06,606 [AppLog] 验证ip返回!{
  "code": 0,
  "msg": "不存在有效的ip地址！",
  "data": [],
  "url": "",
  "wait": 3
}
ERROR 2022-12-14 12:20:06,608 [AppLog] 验证ip失败:不存在有效的ip地址！
INFO  2022-12-14 12:20:06,661 [AppLog] 验证ip返回!{
  "code": 1,
  "msg": "设置成功！",
  "data": [],
  "url": "",
  "wait": 3
}
INFO  2022-12-14 12:20:06,663 [AppLog] 发送成功！:F09E-F98A-B926-8CAA-3DE4-FEFE-24D2-5CFE
INFO  2022-12-14 12:20:06,728 [AppLog] 请求返回信息为:{"code":1,"msg":"设置成功！","data":{"UUID":"F09E-F98A-B926-8CAA-3DE4-FEFE-24D2-5CFE","device_name":"蔡明明办公电脑","location":"6号楼2F信息科","ip":"","ips":"192.168.242.1|192.168.163.1|192.168.119.1|192.168.88.99|192.168.17.233|192.168.77.137","mac":"2A-02-4C-41-31-12|2A-02-4C-41-31-11|9E-15-48-E5-26-6D","computer_name":"DESKTOP-SU3E9TT","group":"3","os_version":"发发发"},"url":"","wait":3}
INFO  2022-12-14 12:20:06,730 [AppLog] 请求设备信息返回！{
  "code": 1,
  "msg": "设置成功！",
  "data": {
    "UUID": "F09E-F98A-B926-8CAA-3DE4-FEFE-24D2-5CFE",
    "device_name": "蔡明明办公电脑",
    "location": "6号楼2F信息科",
    "ip": "",
    "ips": "192.168.242.1|192.168.163.1|192.168.119.1|192.168.88.99|192.168.17.233|192.168.77.137",
    "mac": "2A-02-4C-41-31-12|2A-02-4C-41-31-11|9E-15-48-E5-26-6D",
    "computer_name": "DESKTOP-SU3E9TT",
    "group": "3",
    "os_version": "发发发"
  },
  "url": "",
  "wait": 3
}
INFO  2022-12-14 12:20:06,732 [AppLog] 设备信息保存成功！
INFO  2022-12-14 12:20:06,768 [AppLog] 获取全局禁止进程数据为：{
  "code": 1,
  "msg": "获取成功！",
  "data": [
    {
      "key": "qq",
      "name": "QQ"
    },
    {
      "key": "wechat",
      "name": "微信"
    }
  ],
  "url": "",
  "wait": 3
}
INFO  2022-12-14 12:21:07,399 [AppLog] 定时任务开始时间:2022-12-14 12:21:07
INFO  2022-12-14 12:21:07,512 [AppLog] 验证ip返回!{
  "code": 1,
  "msg": "设置成功！",
  "data": [],
  "url": "",
  "wait": 3
}
INFO  2022-12-14 12:21:07,514 [AppLog] 发送成功！:F09E-F98A-B926-8CAA-3DE4-FEFE-24D2-5CFE
INFO  2022-12-14 12:21:07,887 [AppLog] 获取设备信息成功返回{
  "code": 0,
  "msg": "不存在有效任务",
  "data": [],
  "url": "",
  "wait": 3
}
ERROR 2022-12-14 12:21:07,888 [AppLog] 【主窗体】获取任务数据为空！:不存在有效任务
INFO  2022-12-14 12:21:07,890 [AppLog] 定时任务结束时间:2022-12-14 12:21:07
INFO  2022-12-14 12:30:23,374 [AppLog] 获取设备信息成功返回{
  "code": 1,
  "msg": "获取成功！",
  "data": {
    "id": 1,
    "device_name": "蔡明明办公电脑",
    "location": "6号楼2F信息科",
    "group": 3,
    "UUID": "F09E-F98A-B926-8CAA-3DE4-FEFE-24D2-5CFE",
    "ip": "",
    "mac": "2A-02-4C-41-31-12|2A-02-4C-41-31-11|9E-15-48-E5-26-6D",
    "ips": "192.168.242.1|192.168.163.1|192.168.119.1|192.168.88.99|192.168.17.233|192.168.77.137",
    "os_version": "发发发",
    "status": 1,
    "online": 0,
    "create_time": "2022-11-24 12:52:23",
    "update_time": "2022-11-24 12:52:23",
    "delete_time": null,
    "computer_name": "DESKTOP-SU3E9TT",
    "mark": "测试",
    "sort": 10
  },
  "url": "",
  "wait": 3
}
INFO  2022-12-14 12:30:53,496 [AppLog] 验证ip返回!{
  "code": 0,
  "msg": "不存在有效的ip地址！",
  "data": [],
  "url": "",
  "wait": 3
}
ERROR 2022-12-14 12:30:53,498 [AppLog] 验证ip失败:不存在有效的ip地址！
INFO  2022-12-14 12:30:53,557 [AppLog] 验证ip返回!{
  "code": 1,
  "msg": "设置成功！",
  "data": [],
  "url": "",
  "wait": 3
}
INFO  2022-12-14 12:30:53,559 [AppLog] 发送成功！:F09E-F98A-B926-8CAA-3DE4-FEFE-24D2-5CFE
INFO  2022-12-14 12:30:53,621 [AppLog] 请求返回信息为:{"code":1,"msg":"设置成功！","data":{"UUID":"F09E-F98A-B926-8CAA-3DE4-FEFE-24D2-5CFE","device_name":"蔡明明办公电脑","location":"6号楼2F信息科","ip":"","ips":"192.168.242.1|192.168.163.1|192.168.119.1|192.168.88.99|192.168.17.233|192.168.77.137","mac":"2A-02-4C-41-31-12|2A-02-4C-41-31-11|9E-15-48-E5-26-6D","computer_name":"DESKTOP-SU3E9TT","group":"3","os_version":"发发发"},"url":"","wait":3}
INFO  2022-12-14 12:30:53,623 [AppLog] 请求设备信息返回！{
  "code": 1,
  "msg": "设置成功！",
  "data": {
    "UUID": "F09E-F98A-B926-8CAA-3DE4-FEFE-24D2-5CFE",
    "device_name": "蔡明明办公电脑",
    "location": "6号楼2F信息科",
    "ip": "",
    "ips": "192.168.242.1|192.168.163.1|192.168.119.1|192.168.88.99|192.168.17.233|192.168.77.137",
    "mac": "2A-02-4C-41-31-12|2A-02-4C-41-31-11|9E-15-48-E5-26-6D",
    "computer_name": "DESKTOP-SU3E9TT",
    "group": "3",
    "os_version": "发发发"
  },
  "url": "",
  "wait": 3
}
INFO  2022-12-14 12:30:53,625 [AppLog] 设备信息保存成功！
INFO  2022-12-14 12:30:53,663 [AppLog] 获取全局禁止进程数据为：{
  "code": 1,
  "msg": "获取成功！",
  "data": [
    {
      "key": "qq",
      "name": "QQ"
    },
    {
      "key": "wechat",
      "name": "微信"
    }
  ],
  "url": "",
  "wait": 3
}
INFO  2022-12-14 12:32:50,599 [AppLog] 获取设备信息成功返回{
  "code": 1,
  "msg": "获取成功！",
  "data": {
    "id": 1,
    "device_name": "蔡明明办公电脑",
    "location": "6号楼2F信息科",
    "group": 3,
    "UUID": "F09E-F98A-B926-8CAA-3DE4-FEFE-24D2-5CFE",
    "ip": "",
    "mac": "2A-02-4C-41-31-12|2A-02-4C-41-31-11|9E-15-48-E5-26-6D",
    "ips": "192.168.242.1|192.168.163.1|192.168.119.1|192.168.88.99|192.168.17.233|192.168.77.137",
    "os_version": "发发发",
    "status": 1,
    "online": 0,
    "create_time": "2022-11-24 12:52:23",
    "update_time": "2022-11-24 12:52:23",
    "delete_time": null,
    "computer_name": "DESKTOP-SU3E9TT",
    "mark": "测试",
    "sort": 10
  },
  "url": "",
  "wait": 3
}
INFO  2022-12-14 12:33:21,720 [AppLog] 验证ip返回!{
  "code": 0,
  "msg": "不存在有效的ip地址！",
  "data": [],
  "url": "",
  "wait": 3
}
ERROR 2022-12-14 12:33:21,722 [AppLog] 验证ip失败:不存在有效的ip地址！
INFO  2022-12-14 12:33:22,521 [AppLog] 验证ip返回!{
  "code": 1,
  "msg": "设置成功！",
  "data": [],
  "url": "",
  "wait": 3
}
INFO  2022-12-14 12:33:22,523 [AppLog] 发送成功！:F09E-F98A-B926-8CAA-3DE4-FEFE-24D2-5CFE
INFO  2022-12-14 12:33:22,582 [AppLog] 请求返回信息为:{"code":1,"msg":"设置成功！","data":{"UUID":"F09E-F98A-B926-8CAA-3DE4-FEFE-24D2-5CFE","device_name":"蔡明明办公电脑","location":"6号楼2F信息科","ip":"","ips":"192.168.242.1|192.168.163.1|192.168.119.1|192.168.88.99|192.168.17.233|192.168.77.137","mac":"2A-02-4C-41-31-12|2A-02-4C-41-31-11|9E-15-48-E5-26-6D","computer_name":"DESKTOP-SU3E9TT","group":"3","os_version":"发发发"},"url":"","wait":3}
INFO  2022-12-14 12:33:22,584 [AppLog] 请求设备信息返回！{
  "code": 1,
  "msg": "设置成功！",
  "data": {
    "UUID": "F09E-F98A-B926-8CAA-3DE4-FEFE-24D2-5CFE",
    "device_name": "蔡明明办公电脑",
    "location": "6号楼2F信息科",
    "ip": "",
    "ips": "192.168.242.1|192.168.163.1|192.168.119.1|192.168.88.99|192.168.17.233|192.168.77.137",
    "mac": "2A-02-4C-41-31-12|2A-02-4C-41-31-11|9E-15-48-E5-26-6D",
    "computer_name": "DESKTOP-SU3E9TT",
    "group": "3",
    "os_version": "发发发"
  },
  "url": "",
  "wait": 3
}
INFO  2022-12-14 12:33:22,586 [AppLog] 设备信息保存成功！
INFO  2022-12-14 12:33:22,623 [AppLog] 获取全局禁止进程数据为：{
  "code": 1,
  "msg": "获取成功！",
  "data": [
    {
      "key": "qq",
      "name": "QQ"
    },
    {
      "key": "wechat",
      "name": "微信"
    }
  ],
  "url": "",
  "wait": 3
}
INFO  2022-12-14 12:43:14,850 [AppLog] 获取设备信息成功返回{
  "code": 1,
  "msg": "获取成功！",
  "data": {
    "id": 1,
    "device_name": "蔡明明办公电脑",
    "location": "6号楼2F信息科",
    "group": 3,
    "UUID": "F09E-F98A-B926-8CAA-3DE4-FEFE-24D2-5CFE",
    "ip": "",
    "mac": "2A-02-4C-41-31-12|2A-02-4C-41-31-11|9E-15-48-E5-26-6D",
    "ips": "192.168.242.1|192.168.163.1|192.168.119.1|192.168.88.99|192.168.17.233|192.168.77.137",
    "os_version": "发发发",
    "status": 1,
    "online": 0,
    "create_time": "2022-11-24 12:52:23",
    "update_time": "2022-11-24 12:52:23",
    "delete_time": null,
    "computer_name": "DESKTOP-SU3E9TT",
    "mark": "测试",
    "sort": 10
  },
  "url": "",
  "wait": 3
}
INFO  2022-12-14 12:43:46,972 [AppLog] 验证ip返回!{
  "code": 0,
  "msg": "不存在有效的ip地址！",
  "data": [],
  "url": "",
  "wait": 3
}
ERROR 2022-12-14 12:43:46,973 [AppLog] 验证ip失败:不存在有效的ip地址！
INFO  2022-12-14 12:43:47,418 [AppLog] 验证ip返回!{
  "code": 1,
  "msg": "设置成功！",
  "data": [],
  "url": "",
  "wait": 3
}
INFO  2022-12-14 12:43:47,419 [AppLog] 发送成功！:F09E-F98A-B926-8CAA-3DE4-FEFE-24D2-5CFE
INFO  2022-12-14 12:43:47,478 [AppLog] 请求返回信息为:{"code":1,"msg":"设置成功！","data":{"UUID":"F09E-F98A-B926-8CAA-3DE4-FEFE-24D2-5CFE","device_name":"蔡明明办公电脑","location":"6号楼2F信息科","ip":"","ips":"192.168.242.1|192.168.163.1|192.168.119.1|192.168.88.99|192.168.17.233|192.168.77.137","mac":"2A-02-4C-41-31-12|2A-02-4C-41-31-11|9E-15-48-E5-26-6D","computer_name":"DESKTOP-SU3E9TT","group":"3","os_version":"发发发"},"url":"","wait":3}
INFO  2022-12-14 12:43:47,480 [AppLog] 请求设备信息返回！{
  "code": 1,
  "msg": "设置成功！",
  "data": {
    "UUID": "F09E-F98A-B926-8CAA-3DE4-FEFE-24D2-5CFE",
    "device_name": "蔡明明办公电脑",
    "location": "6号楼2F信息科",
    "ip": "",
    "ips": "192.168.242.1|192.168.163.1|192.168.119.1|192.168.88.99|192.168.17.233|192.168.77.137",
    "mac": "2A-02-4C-41-31-12|2A-02-4C-41-31-11|9E-15-48-E5-26-6D",
    "computer_name": "DESKTOP-SU3E9TT",
    "group": "3",
    "os_version": "发发发"
  },
  "url": "",
  "wait": 3
}
INFO  2022-12-14 12:43:47,480 [AppLog] 设备信息保存成功！
INFO  2022-12-14 12:43:47,517 [AppLog] 获取全局禁止进程数据为：{
  "code": 1,
  "msg": "获取成功！",
  "data": [
    {
      "key": "qq",
      "name": "QQ"
    },
    {
      "key": "wechat",
      "name": "微信"
    }
  ],
  "url": "",
  "wait": 3
}
