ERROR 2023-01-19 23:45:07,331 [AppLog] 发送设备请求信息异常：无法连接到远程服务器
ERROR 2023-01-19 23:45:28,499 [AppLog] 请求发生了错误：无法连接到远程服务器
ERROR 2023-01-19 23:45:49,545 [AppLog] 发送redis请求发生了错误：无法连接到远程服务器
ERROR 2023-01-19 23:46:10,595 [AppLog] 请求发生了错误：无法连接到远程服务器
ERROR 2023-01-19 23:46:31,667 [AppLog] 【主窗体】获取禁止应用程序数据发生异常：无法连接到远程服务器
INFO  2023-01-19 23:47:31,666 [AppLog] 定时任务开始时间:2023-01-19 23:47:31
ERROR 2023-01-19 23:47:52,875 [AppLog] 发送redis请求发生了错误：无法连接到远程服务器
ERROR 2023-01-19 23:48:14,385 [AppLog] 【主窗体】获取任务数据异常：无法连接到远程服务器
INFO  2023-01-19 23:48:14,386 [AppLog] 定时任务结束时间:2023-01-19 23:48:14
INFO  2023-01-19 23:48:31,665 [AppLog] 定时任务开始时间:2023-01-19 23:48:31
ERROR 2023-01-19 23:48:52,715 [AppLog] 发送redis请求发生了错误：无法连接到远程服务器
ERROR 2023-01-19 23:49:13,870 [AppLog] 【主窗体】获取任务数据异常：无法连接到远程服务器
INFO  2023-01-19 23:49:13,870 [AppLog] 定时任务结束时间:2023-01-19 23:49:13
INFO  2023-01-19 23:49:31,665 [AppLog] 定时任务开始时间:2023-01-19 23:49:31
ERROR 2023-01-19 23:49:52,724 [AppLog] 发送redis请求发生了错误：无法连接到远程服务器
ERROR 2023-01-19 23:50:13,838 [AppLog] 【主窗体】获取任务数据异常：无法连接到远程服务器
INFO  2023-01-19 23:50:13,838 [AppLog] 定时任务结束时间:2023-01-19 23:50:13
INFO  2023-01-19 23:55:48,710 [AppLog] 获取设备信息成功返回{
  "code": 0,
  "msg": "未获取到有效数据",
  "data": [],
  "url": "",
  "wait": 3
}
ERROR 2023-01-19 23:55:48,716 [AppLog] 获取设备信息失败！:未获取到有效数据
ERROR 2023-01-19 23:55:48,747 [AppLog] 请求发生了错误：基础连接已经关闭: 接收时发生错误。
ERROR 2023-01-19 23:55:48,778 [AppLog] http://192.168.1.4:9999/admin/test/setRedis发送redis请求发生了错误：基础连接已经关闭: 接收时发生错误。
ERROR 2023-01-19 23:55:48,798 [AppLog] 请求发生了错误：基础连接已经关闭: 接收时发生错误。
INFO  2023-01-19 23:55:48,822 [AppLog] 获取全局禁止进程数据为：{
  "code": 1,
  "msg": "获取成功！",
  "data": [],
  "url": "",
  "wait": 3
}
INFO  2023-01-19 23:59:58,379 [AppLog] 获取设备信息成功返回{
  "code": 1,
  "msg": "获取成功！",
  "data": {
    "id": 14,
    "device_name": "Royee",
    "location": "Royee",
    "group": 1,
    "UUID": "1807-F7D4-BD9B-C98A-4969-46F6-587D-6F4E",
    "ip": "",
    "mac": "70-A8-D3-4E-28-F7",
    "ips": "192.168.48.1|192.168.71.1|192.168.1.2|192.168.32.1",
    "os_version": "Microsoft Windows NT 6.2.9200.0",
    "status": 1,
    "online": 0,
    "create_time": "2023-01-19 23:55:48",
    "update_time": "2023-01-19 23:55:48",
    "delete_time": null,
    "computer_name": "Royee",
    "mark": null,
    "sort": 10
  },
  "url": "",
  "wait": 3
}
